<?xml version="1.0" encoding="UTF-8"?>
<robot generator="Robot 3.2.2 (Python 3.9.1 on win32)" generated="20210608 15:18:35.814" rpa="false">
<suite id="s1" name="changeanddeleteRecipe" source="C:\Users\JyotirmayeeBehuria\IdeaProjects\Team2\Tests\changeanddeleteRecipe.robot">
<test id="s1-t1" name="User can access website">
<kw name="Begin Web Test" type="setup">
<kw name="Open Browser" library="SeleniumLibrary">
<doc>Opens a new browser instance to the optional ``url``.</doc>
<arguments>
<arg>about:blank</arg>
<arg>${BROWSER}</arg>
</arguments>
<msg timestamp="20210608 15:18:36.375" level="INFO">Opening browser 'chrome' to base url 'about:blank'.</msg>
<status status="PASS" starttime="20210608 15:18:36.374" endtime="20210608 15:18:38.876"></status>
</kw>
<status status="PASS" starttime="20210608 15:18:36.373" endtime="20210608 15:18:38.876"></status>
</kw>
<kw name="Go To Web Page">
<kw name="Load Page">
<kw name="Go To" library="SeleniumLibrary">
<doc>Navigates the current browser window to the provided ``url``.</doc>
<arguments>
<arg>${URL}</arg>
</arguments>
<msg timestamp="20210608 15:18:38.897" level="INFO">Opening url 'https://www.willys.se/'</msg>
<status status="PASS" starttime="20210608 15:18:38.896" endtime="20210608 15:18:44.563"></status>
</kw>
<status status="PASS" starttime="20210608 15:18:38.895" endtime="20210608 15:18:44.564"></status>
</kw>
<kw name="Verify Page Loaded">
<kw name="Wait Until Page Contains" library="SeleniumLibrary">
<doc>Waits until ``text`` appears on the current page.</doc>
<arguments>
<arg>Handla billig mat online</arg>
</arguments>
<status status="PASS" starttime="20210608 15:18:44.565" endtime="20210608 15:18:44.716"></status>
</kw>
<status status="PASS" starttime="20210608 15:18:44.564" endtime="20210608 15:18:44.717"></status>
</kw>
<status status="PASS" starttime="20210608 15:18:38.895" endtime="20210608 15:18:44.717"></status>
</kw>
<kw name="Search For Product">
<arguments>
<arg>kiwi</arg>
<arg>Sökord: kiwi</arg>
</arguments>
<kw name="Enter Search Term">
<arguments>
<arg>${search_term}</arg>
</arguments>
<kw name="Input Text" library="SeleniumLibrary">
<doc>Types the given ``text`` into the text field identified by ``locator``.</doc>
<arguments>
<arg>id=selenium--search-items-input</arg>
<arg>${search_term}</arg>
</arguments>
<msg timestamp="20210608 15:18:44.720" level="INFO">Typing text 'kiwi' into text field 'id=selenium--search-items-input'.</msg>
<status status="PASS" starttime="20210608 15:18:44.720" endtime="20210608 15:18:45.373"></status>
</kw>
<status status="PASS" starttime="20210608 15:18:44.719" endtime="20210608 15:18:45.374"></status>
</kw>
<kw name="Submit Search">
<kw name="Press Keys" library="SeleniumLibrary">
<doc>Simulates the user pressing key(s) to an element or on the active browser.</doc>
<arguments>
<arg>xpath://input[@id="selenium--search-items-input"]</arg>
<arg>RETURN</arg>
</arguments>
<msg timestamp="20210608 15:18:45.375" level="INFO">Sending key(s) ('RETURN',) to xpath://input[@id="selenium--search-items-input"] element.</msg>
<msg timestamp="20210608 15:18:46.075" level="INFO">Pressing special key RETURN to element.</msg>
<msg timestamp="20210608 15:18:46.075" level="INFO">Releasing special key RETURN.</msg>
<status status="PASS" starttime="20210608 15:18:45.375" endtime="20210608 15:18:46.096"></status>
</kw>
<kw name="Press Keys" library="SeleniumLibrary">
<doc>Simulates the user pressing key(s) to an element or on the active browser.</doc>
<arguments>
<arg>xpath://input[@id="selenium--search-items-input"]</arg>
<arg>RETURN</arg>
</arguments>
<msg timestamp="20210608 15:18:46.097" level="INFO">Sending key(s) ('RETURN',) to xpath://input[@id="selenium--search-items-input"] element.</msg>
<msg timestamp="20210608 15:18:46.496" level="INFO">Pressing special key RETURN to element.</msg>
<msg timestamp="20210608 15:18:46.496" level="INFO">Releasing special key RETURN.</msg>
<status status="PASS" starttime="20210608 15:18:46.096" endtime="20210608 15:18:46.614"></status>
</kw>
<status status="PASS" starttime="20210608 15:18:45.374" endtime="20210608 15:18:46.614"></status>
</kw>
<kw name="Verify Search Completed">
<arguments>
<arg>${search_result}</arg>
</arguments>
<kw name="Wait Until Page Contains" library="SeleniumLibrary">
<doc>Waits until ``text`` appears on the current page.</doc>
<arguments>
<arg>${search_result}</arg>
</arguments>
<status status="PASS" starttime="20210608 15:18:46.615" endtime="20210608 15:18:51.818"></status>
</kw>
<status status="PASS" starttime="20210608 15:18:46.615" endtime="20210608 15:18:51.819"></status>
</kw>
<status status="PASS" starttime="20210608 15:18:44.718" endtime="20210608 15:18:51.819"></status>
</kw>
<kw name="End Web Test" type="teardown">
<kw name="Close All Browsers" library="SeleniumLibrary">
<doc>Closes all open browsers and resets the browser cache.</doc>
<status status="PASS" starttime="20210608 15:18:51.824" endtime="20210608 15:18:56.262"></status>
</kw>
<status status="PASS" starttime="20210608 15:18:51.823" endtime="20210608 15:18:56.262"></status>
</kw>
<doc>This is some basic info about the test</doc>
<tags>
<tag>Test 1</tag>
</tags>
<status status="PASS" starttime="20210608 15:18:36.372" endtime="20210608 15:18:56.263" critical="yes"></status>
</test>
<test id="s1-t2" name="User can search for a prduct">
<kw name="Begin Web Test" type="setup">
<kw name="Open Browser" library="SeleniumLibrary">
<doc>Opens a new browser instance to the optional ``url``.</doc>
<arguments>
<arg>about:blank</arg>
<arg>${BROWSER}</arg>
</arguments>
<msg timestamp="20210608 15:18:56.268" level="INFO">Opening browser 'chrome' to base url 'about:blank'.</msg>
<status status="PASS" starttime="20210608 15:18:56.267" endtime="20210608 15:18:58.565"></status>
</kw>
<status status="PASS" starttime="20210608 15:18:56.267" endtime="20210608 15:18:58.566"></status>
</kw>
<kw name="Go To Web Page">
<kw name="Load Page">
<kw name="Go To" library="SeleniumLibrary">
<doc>Navigates the current browser window to the provided ``url``.</doc>
<arguments>
<arg>${URL}</arg>
</arguments>
<msg timestamp="20210608 15:18:58.610" level="INFO">Opening url 'https://www.willys.se/'</msg>
<status status="PASS" starttime="20210608 15:18:58.609" endtime="20210608 15:19:01.455"></status>
</kw>
<status status="PASS" starttime="20210608 15:18:58.609" endtime="20210608 15:19:01.455"></status>
</kw>
<kw name="Verify Page Loaded">
<kw name="Wait Until Page Contains" library="SeleniumLibrary">
<doc>Waits until ``text`` appears on the current page.</doc>
<arguments>
<arg>Handla billig mat online</arg>
</arguments>
<status status="PASS" starttime="20210608 15:19:01.456" endtime="20210608 15:19:03.279"></status>
</kw>
<status status="PASS" starttime="20210608 15:19:01.456" endtime="20210608 15:19:03.279"></status>
</kw>
<status status="PASS" starttime="20210608 15:18:58.608" endtime="20210608 15:19:03.280"></status>
</kw>
<kw name="Search For Product">
<arguments>
<arg>mjölk</arg>
<arg>Sökord: mjölk</arg>
</arguments>
<kw name="Enter Search Term">
<arguments>
<arg>${search_term}</arg>
</arguments>
<kw name="Input Text" library="SeleniumLibrary">
<doc>Types the given ``text`` into the text field identified by ``locator``.</doc>
<arguments>
<arg>id=selenium--search-items-input</arg>
<arg>${search_term}</arg>
</arguments>
<msg timestamp="20210608 15:19:03.284" level="INFO">Typing text 'mjölk' into text field 'id=selenium--search-items-input'.</msg>
<status status="PASS" starttime="20210608 15:19:03.283" endtime="20210608 15:19:04.387"></status>
</kw>
<status status="PASS" starttime="20210608 15:19:03.282" endtime="20210608 15:19:04.387"></status>
</kw>
<kw name="Submit Search">
<kw name="Press Keys" library="SeleniumLibrary">
<doc>Simulates the user pressing key(s) to an element or on the active browser.</doc>
<arguments>
<arg>xpath://input[@id="selenium--search-items-input"]</arg>
<arg>RETURN</arg>
</arguments>
<msg timestamp="20210608 15:19:04.389" level="INFO">Sending key(s) ('RETURN',) to xpath://input[@id="selenium--search-items-input"] element.</msg>
<msg timestamp="20210608 15:19:04.949" level="INFO">Pressing special key RETURN to element.</msg>
<msg timestamp="20210608 15:19:04.949" level="INFO">Releasing special key RETURN.</msg>
<status status="PASS" starttime="20210608 15:19:04.388" endtime="20210608 15:19:04.976"></status>
</kw>
<kw name="Press Keys" library="SeleniumLibrary">
<doc>Simulates the user pressing key(s) to an element or on the active browser.</doc>
<arguments>
<arg>xpath://input[@id="selenium--search-items-input"]</arg>
<arg>RETURN</arg>
</arguments>
<msg timestamp="20210608 15:19:04.977" level="INFO">Sending key(s) ('RETURN',) to xpath://input[@id="selenium--search-items-input"] element.</msg>
<msg timestamp="20210608 15:19:05.386" level="INFO">Pressing special key RETURN to element.</msg>
<msg timestamp="20210608 15:19:05.387" level="INFO">Releasing special key RETURN.</msg>
<status status="PASS" starttime="20210608 15:19:04.976" endtime="20210608 15:19:05.480"></status>
</kw>
<status status="PASS" starttime="20210608 15:19:04.388" endtime="20210608 15:19:05.480"></status>
</kw>
<kw name="Verify Search Completed">
<arguments>
<arg>${search_result}</arg>
</arguments>
<kw name="Wait Until Page Contains" library="SeleniumLibrary">
<doc>Waits until ``text`` appears on the current page.</doc>
<arguments>
<arg>${search_result}</arg>
</arguments>
<status status="PASS" starttime="20210608 15:19:05.481" endtime="20210608 15:19:10.541"></status>
</kw>
<status status="PASS" starttime="20210608 15:19:05.480" endtime="20210608 15:19:10.542"></status>
</kw>
<status status="PASS" starttime="20210608 15:19:03.281" endtime="20210608 15:19:10.542"></status>
</kw>
<kw name="End Web Test" type="teardown">
<kw name="Close All Browsers" library="SeleniumLibrary">
<doc>Closes all open browsers and resets the browser cache.</doc>
<status status="PASS" starttime="20210608 15:19:10.553" endtime="20210608 15:19:13.673"></status>
</kw>
<status status="PASS" starttime="20210608 15:19:10.553" endtime="20210608 15:19:13.674"></status>
</kw>
<doc>This is some basic info about the test</doc>
<tags>
<tag>Test 2</tag>
</tags>
<status status="PASS" starttime="20210608 15:18:56.265" endtime="20210608 15:19:13.674" critical="yes"></status>
</test>
<test id="s1-t3" name="User can search for a prduct">
<kw name="Begin Web Test" type="setup">
<kw name="Open Browser" library="SeleniumLibrary">
<doc>Opens a new browser instance to the optional ``url``.</doc>
<arguments>
<arg>about:blank</arg>
<arg>${BROWSER}</arg>
</arguments>
<msg timestamp="20210608 15:19:13.680" level="INFO">Opening browser 'chrome' to base url 'about:blank'.</msg>
<status status="PASS" starttime="20210608 15:19:13.679" endtime="20210608 15:19:15.894"></status>
</kw>
<status status="PASS" starttime="20210608 15:19:13.679" endtime="20210608 15:19:15.895"></status>
</kw>
<kw name="Go To Web Page">
<kw name="Load Page">
<kw name="Go To" library="SeleniumLibrary">
<doc>Navigates the current browser window to the provided ``url``.</doc>
<arguments>
<arg>${URL}</arg>
</arguments>
<msg timestamp="20210608 15:19:15.900" level="INFO">Opening url 'https://www.willys.se/'</msg>
<status status="PASS" starttime="20210608 15:19:15.900" endtime="20210608 15:19:20.736"></status>
</kw>
<status status="PASS" starttime="20210608 15:19:15.899" endtime="20210608 15:19:20.737"></status>
</kw>
<kw name="Verify Page Loaded">
<kw name="Wait Until Page Contains" library="SeleniumLibrary">
<doc>Waits until ``text`` appears on the current page.</doc>
<arguments>
<arg>Handla billig mat online</arg>
</arguments>
<status status="PASS" starttime="20210608 15:19:20.738" endtime="20210608 15:19:20.787"></status>
</kw>
<status status="PASS" starttime="20210608 15:19:20.737" endtime="20210608 15:19:20.787"></status>
</kw>
<status status="PASS" starttime="20210608 15:19:15.899" endtime="20210608 15:19:20.788"></status>
</kw>
<kw name="Search For Product">
<arguments>
<arg>Godis</arg>
<arg>Sökord: Godis</arg>
</arguments>
<kw name="Enter Search Term">
<arguments>
<arg>${search_term}</arg>
</arguments>
<kw name="Input Text" library="SeleniumLibrary">
<doc>Types the given ``text`` into the text field identified by ``locator``.</doc>
<arguments>
<arg>id=selenium--search-items-input</arg>
<arg>${search_term}</arg>
</arguments>
<msg timestamp="20210608 15:19:20.792" level="INFO">Typing text 'Godis' into text field 'id=selenium--search-items-input'.</msg>
<status status="PASS" starttime="20210608 15:19:20.791" endtime="20210608 15:19:21.559"></status>
</kw>
<status status="PASS" starttime="20210608 15:19:20.790" endtime="20210608 15:19:21.559"></status>
</kw>
<kw name="Submit Search">
<kw name="Press Keys" library="SeleniumLibrary">
<doc>Simulates the user pressing key(s) to an element or on the active browser.</doc>
<arguments>
<arg>xpath://input[@id="selenium--search-items-input"]</arg>
<arg>RETURN</arg>
</arguments>
<msg timestamp="20210608 15:19:21.561" level="INFO">Sending key(s) ('RETURN',) to xpath://input[@id="selenium--search-items-input"] element.</msg>
<msg timestamp="20210608 15:19:22.226" level="INFO">Pressing special key RETURN to element.</msg>
<msg timestamp="20210608 15:19:22.226" level="INFO">Releasing special key RETURN.</msg>
<status status="PASS" starttime="20210608 15:19:21.561" endtime="20210608 15:19:22.299"></status>
</kw>
<kw name="Press Keys" library="SeleniumLibrary">
<doc>Simulates the user pressing key(s) to an element or on the active browser.</doc>
<arguments>
<arg>xpath://input[@id="selenium--search-items-input"]</arg>
<arg>RETURN</arg>
</arguments>
<msg timestamp="20210608 15:19:22.300" level="INFO">Sending key(s) ('RETURN',) to xpath://input[@id="selenium--search-items-input"] element.</msg>
<msg timestamp="20210608 15:19:22.646" level="INFO">Pressing special key RETURN to element.</msg>
<msg timestamp="20210608 15:19:22.646" level="INFO">Releasing special key RETURN.</msg>
<status status="PASS" starttime="20210608 15:19:22.300" endtime="20210608 15:19:22.695"></status>
</kw>
<status status="PASS" starttime="20210608 15:19:21.560" endtime="20210608 15:19:22.695"></status>
</kw>
<kw name="Verify Search Completed">
<arguments>
<arg>${search_result}</arg>
</arguments>
<kw name="Wait Until Page Contains" library="SeleniumLibrary">
<doc>Waits until ``text`` appears on the current page.</doc>
<arguments>
<arg>${search_result}</arg>
</arguments>
<status status="PASS" starttime="20210608 15:19:22.695" endtime="20210608 15:19:26.795"></status>
</kw>
<status status="PASS" starttime="20210608 15:19:22.695" endtime="20210608 15:19:26.796"></status>
</kw>
<status status="PASS" starttime="20210608 15:19:20.789" endtime="20210608 15:19:26.796"></status>
</kw>
<kw name="End Web Test" type="teardown">
<kw name="Close All Browsers" library="SeleniumLibrary">
<doc>Closes all open browsers and resets the browser cache.</doc>
<status status="PASS" starttime="20210608 15:19:26.798" endtime="20210608 15:19:29.626"></status>
</kw>
<status status="PASS" starttime="20210608 15:19:26.797" endtime="20210608 15:19:29.626"></status>
</kw>
<doc>This is some basic info about the test</doc>
<tags>
<tag>Test 3</tag>
</tags>
<status status="PASS" starttime="20210608 15:19:13.678" endtime="20210608 15:19:29.627" critical="yes"></status>
</test>
<doc>This is some basic infor about the whole test suite</doc>
<status status="PASS" starttime="20210608 15:18:35.819" endtime="20210608 15:19:29.629"></status>
</suite>
<statistics>
<total>
<stat pass="3" fail="0">Critical Tests</stat>
<stat pass="3" fail="0">All Tests</stat>
</total>
<tag>
<stat pass="1" fail="0">Test 1</stat>
<stat pass="1" fail="0">Test 2</stat>
<stat pass="1" fail="0">Test 3</stat>
</tag>
<suite>
<stat pass="3" fail="0" id="s1" name="changeanddeleteRecipe">changeanddeleteRecipe</stat>
</suite>
</statistics>
<errors>
<msg timestamp="20210608 15:19:13.677" level="WARN">Multiple test cases with name 'User can search for a prduct' executed in test suite 'changeanddeleteRecipe'.</msg>
</errors>
</robot>
